<?xml version="1.0" encoding="UTF-8"?>
<testsuite xmlns:xsi="http://www.w3.org/2001/XMLSchema-instance" xsi:noNamespaceSchemaLocation="https://maven.apache.org/surefire/maven-surefire-plugin/xsd/surefire-test-report-3.0.xsd" version="3.0" name="com.javatechie.KafkaSchemaRegistryApplicationTests" time="3.145" tests="1" errors="0" skipped="0" failures="0">
  <properties>
    <property name="java.specification.version" value="17"/>
    <property name="sun.jnu.encoding" value="UTF-8"/>
    <property name="java.class.path" value="/home/othmane/Documents/Projet Inwi Kafka K8s/Gateway/gateway-voc-sch-reg/target/test-classes:/home/othmane/Documents/Projet Inwi Kafka K8s/Gateway/gateway-voc-sch-reg/target/classes:/home/othmane/.m2/repository/org/springframework/boot/spring-boot-starter-web/3.2.1/spring-boot-starter-web-3.2.1.jar:/home/othmane/.m2/repository/org/springframework/boot/spring-boot-starter/3.2.1/spring-boot-starter-3.2.1.jar:/home/othmane/.m2/repository/org/springframework/boot/spring-boot/3.2.1/spring-boot-3.2.1.jar:/home/othmane/.m2/repository/org/springframework/boot/spring-boot-autoconfigure/3.2.1/spring-boot-autoconfigure-3.2.1.jar:/home/othmane/.m2/repository/org/springframework/boot/spring-boot-starter-logging/3.2.1/spring-boot-starter-logging-3.2.1.jar:/home/othmane/.m2/repository/org/apache/logging/log4j/log4j-to-slf4j/2.21.1/log4j-to-slf4j-2.21.1.jar:/home/othmane/.m2/repository/org/apache/logging/log4j/log4j-api/2.21.1/log4j-api-2.21.1.jar:/home/othmane/.m2/repository/org/slf4j/jul-to-slf4j/2.0.9/jul-to-slf4j-2.0.9.jar:/home/othmane/.m2/repository/jakarta/annotation/jakarta.annotation-api/2.1.1/jakarta.annotation-api-2.1.1.jar:/home/othmane/.m2/repository/org/springframework/boot/spring-boot-starter-json/3.2.1/spring-boot-starter-json-3.2.1.jar:/home/othmane/.m2/repository/com/fasterxml/jackson/datatype/jackson-datatype-jdk8/2.15.3/jackson-datatype-jdk8-2.15.3.jar:/home/othmane/.m2/repository/com/fasterxml/jackson/datatype/jackson-datatype-jsr310/2.15.3/jackson-datatype-jsr310-2.15.3.jar:/home/othmane/.m2/repository/com/fasterxml/jackson/module/jackson-module-parameter-names/2.15.3/jackson-module-parameter-names-2.15.3.jar:/home/othmane/.m2/repository/org/springframework/boot/spring-boot-starter-tomcat/3.2.1/spring-boot-starter-tomcat-3.2.1.jar:/home/othmane/.m2/repository/org/apache/tomcat/embed/tomcat-embed-core/10.1.17/tomcat-embed-core-10.1.17.jar:/home/othmane/.m2/repository/org/apache/tomcat/embed/tomcat-embed-el/10.1.17/tomcat-embed-el-10.1.17.jar:/home/othmane/.m2/repository/org/apache/tomcat/embed/tomcat-embed-websocket/10.1.17/tomcat-embed-websocket-10.1.17.jar:/home/othmane/.m2/repository/org/springframework/spring-web/6.1.2/spring-web-6.1.2.jar:/home/othmane/.m2/repository/org/springframework/spring-beans/6.1.2/spring-beans-6.1.2.jar:/home/othmane/.m2/repository/org/springframework/spring-webmvc/6.1.2/spring-webmvc-6.1.2.jar:/home/othmane/.m2/repository/org/springframework/spring-aop/6.1.2/spring-aop-6.1.2.jar:/home/othmane/.m2/repository/org/springframework/spring-expression/6.1.2/spring-expression-6.1.2.jar:/home/othmane/.m2/repository/org/springframework/kafka/spring-kafka/3.1.1/spring-kafka-3.1.1.jar:/home/othmane/.m2/repository/org/springframework/spring-context/6.1.2/spring-context-6.1.2.jar:/home/othmane/.m2/repository/org/springframework/spring-messaging/6.1.2/spring-messaging-6.1.2.jar:/home/othmane/.m2/repository/org/springframework/spring-tx/6.1.2/spring-tx-6.1.2.jar:/home/othmane/.m2/repository/org/springframework/retry/spring-retry/2.0.5/spring-retry-2.0.5.jar:/home/othmane/.m2/repository/org/apache/kafka/kafka-clients/3.6.1/kafka-clients-3.6.1.jar:/home/othmane/.m2/repository/com/github/luben/zstd-jni/1.5.5-1/zstd-jni-1.5.5-1.jar:/home/othmane/.m2/repository/org/lz4/lz4-java/1.8.0/lz4-java-1.8.0.jar:/home/othmane/.m2/repository/org/xerial/snappy/snappy-java/1.1.10.5/snappy-java-1.1.10.5.jar:/home/othmane/.m2/repository/io/micrometer/micrometer-observation/1.12.1/micrometer-observation-1.12.1.jar:/home/othmane/.m2/repository/io/micrometer/micrometer-commons/1.12.1/micrometer-commons-1.12.1.jar:/home/othmane/.m2/repository/com/google/code/findbugs/jsr305/3.0.2/jsr305-3.0.2.jar:/home/othmane/.m2/repository/org/projectlombok/lombok/1.18.30/lombok-1.18.30.jar:/home/othmane/.m2/repository/org/springframework/boot/spring-boot-starter-test/3.2.1/spring-boot-starter-test-3.2.1.jar:/home/othmane/.m2/repository/org/springframework/boot/spring-boot-test/3.2.1/spring-boot-test-3.2.1.jar:/home/othmane/.m2/repository/org/springframework/boot/spring-boot-test-autoconfigure/3.2.1/spring-boot-test-autoconfigure-3.2.1.jar:/home/othmane/.m2/repository/com/jayway/jsonpath/json-path/2.8.0/json-path-2.8.0.jar:/home/othmane/.m2/repository/jakarta/xml/bind/jakarta.xml.bind-api/4.0.1/jakarta.xml.bind-api-4.0.1.jar:/home/othmane/.m2/repository/jakarta/activation/jakarta.activation-api/2.1.2/jakarta.activation-api-2.1.2.jar:/home/othmane/.m2/repository/net/minidev/json-smart/2.5.0/json-smart-2.5.0.jar:/home/othmane/.m2/repository/net/minidev/accessors-smart/2.5.0/accessors-smart-2.5.0.jar:/home/othmane/.m2/repository/org/ow2/asm/asm/9.3/asm-9.3.jar:/home/othmane/.m2/repository/org/assertj/assertj-core/3.24.2/assertj-core-3.24.2.jar:/home/othmane/.m2/repository/net/bytebuddy/byte-buddy/1.14.10/byte-buddy-1.14.10.jar:/home/othmane/.m2/repository/org/awaitility/awaitility/4.2.0/awaitility-4.2.0.jar:/home/othmane/.m2/repository/org/hamcrest/hamcrest/2.2/hamcrest-2.2.jar:/home/othmane/.m2/repository/org/junit/jupiter/junit-jupiter/5.10.1/junit-jupiter-5.10.1.jar:/home/othmane/.m2/repository/org/junit/jupiter/junit-jupiter-params/5.10.1/junit-jupiter-params-5.10.1.jar:/home/othmane/.m2/repository/org/junit/jupiter/junit-jupiter-engine/5.10.1/junit-jupiter-engine-5.10.1.jar:/home/othmane/.m2/repository/org/mockito/mockito-core/5.7.0/mockito-core-5.7.0.jar:/home/othmane/.m2/repository/net/bytebuddy/byte-buddy-agent/1.14.10/byte-buddy-agent-1.14.10.jar:/home/othmane/.m2/repository/org/objenesis/objenesis/3.3/objenesis-3.3.jar:/home/othmane/.m2/repository/org/mockito/mockito-junit-jupiter/5.7.0/mockito-junit-jupiter-5.7.0.jar:/home/othmane/.m2/repository/org/skyscreamer/jsonassert/1.5.1/jsonassert-1.5.1.jar:/home/othmane/.m2/repository/com/vaadin/external/google/android-json/0.0.20131108.vaadin1/android-json-0.0.20131108.vaadin1.jar:/home/othmane/.m2/repository/org/springframework/spring-core/6.1.2/spring-core-6.1.2.jar:/home/othmane/.m2/repository/org/springframework/spring-jcl/6.1.2/spring-jcl-6.1.2.jar:/home/othmane/.m2/repository/org/springframework/spring-test/6.1.2/spring-test-6.1.2.jar:/home/othmane/.m2/repository/org/xmlunit/xmlunit-core/2.9.1/xmlunit-core-2.9.1.jar:/home/othmane/.m2/repository/org/springframework/kafka/spring-kafka-test/3.1.1/spring-kafka-test-3.1.1.jar:/home/othmane/.m2/repository/org/apache/zookeeper/zookeeper/3.8.3/zookeeper-3.8.3.jar:/home/othmane/.m2/repository/org/apache/zookeeper/zookeeper-jute/3.8.3/zookeeper-jute-3.8.3.jar:/home/othmane/.m2/repository/org/apache/yetus/audience-annotations/0.12.0/audience-annotations-0.12.0.jar:/home/othmane/.m2/repository/io/netty/netty-handler/4.1.104.Final/netty-handler-4.1.104.Final.jar:/home/othmane/.m2/repository/io/netty/netty-common/4.1.104.Final/netty-common-4.1.104.Final.jar:/home/othmane/.m2/repository/io/netty/netty-resolver/4.1.104.Final/netty-resolver-4.1.104.Final.jar:/home/othmane/.m2/repository/io/netty/netty-buffer/4.1.104.Final/netty-buffer-4.1.104.Final.jar:/home/othmane/.m2/repository/io/netty/netty-transport/4.1.104.Final/netty-transport-4.1.104.Final.jar:/home/othmane/.m2/repository/io/netty/netty-transport-native-unix-common/4.1.104.Final/netty-transport-native-unix-common-4.1.104.Final.jar:/home/othmane/.m2/repository/io/netty/netty-codec/4.1.104.Final/netty-codec-4.1.104.Final.jar:/home/othmane/.m2/repository/io/netty/netty-transport-native-epoll/4.1.104.Final/netty-transport-native-epoll-4.1.104.Final.jar:/home/othmane/.m2/repository/io/netty/netty-transport-classes-epoll/4.1.104.Final/netty-transport-classes-epoll-4.1.104.Final.jar:/home/othmane/.m2/repository/ch/qos/logback/logback-core/1.4.14/logback-core-1.4.14.jar:/home/othmane/.m2/repository/ch/qos/logback/logback-classic/1.4.14/logback-classic-1.4.14.jar:/home/othmane/.m2/repository/commons-io/commons-io/2.11.0/commons-io-2.11.0.jar:/home/othmane/.m2/repository/org/apache/kafka/kafka-clients/3.6.1/kafka-clients-3.6.1-test.jar:/home/othmane/.m2/repository/org/apache/kafka/kafka-metadata/3.6.1/kafka-metadata-3.6.1.jar:/home/othmane/.m2/repository/org/apache/kafka/kafka-raft/3.6.1/kafka-raft-3.6.1.jar:/home/othmane/.m2/repository/com/yammer/metrics/metrics-core/2.2.0/metrics-core-2.2.0.jar:/home/othmane/.m2/repository/org/apache/kafka/kafka-server-common/3.6.1/kafka-server-common-3.6.1.jar:/home/othmane/.m2/repository/net/sf/jopt-simple/jopt-simple/5.0.4/jopt-simple-5.0.4.jar:/home/othmane/.m2/repository/org/pcollections/pcollections/4.0.1/pcollections-4.0.1.jar:/home/othmane/.m2/repository/org/apache/kafka/kafka-server-common/3.6.1/kafka-server-common-3.6.1-test.jar:/home/othmane/.m2/repository/org/apache/kafka/kafka-streams-test-utils/3.6.1/kafka-streams-test-utils-3.6.1.jar:/home/othmane/.m2/repository/org/apache/kafka/kafka-streams/3.6.1/kafka-streams-3.6.1.jar:/home/othmane/.m2/repository/org/rocksdb/rocksdbjni/7.9.2/rocksdbjni-7.9.2.jar:/home/othmane/.m2/repository/org/apache/kafka/kafka_2.13/3.6.1/kafka_2.13-3.6.1.jar:/home/othmane/.m2/repository/org/scala-lang/scala-library/2.13.11/scala-library-2.13.11.jar:/home/othmane/.m2/repository/org/apache/kafka/kafka-group-coordinator/3.6.1/kafka-group-coordinator-3.6.1.jar:/home/othmane/.m2/repository/org/apache/kafka/kafka-storage-api/3.6.1/kafka-storage-api-3.6.1.jar:/home/othmane/.m2/repository/org/apache/kafka/kafka-tools-api/3.6.1/kafka-tools-api-3.6.1.jar:/home/othmane/.m2/repository/org/apache/kafka/kafka-storage/3.6.1/kafka-storage-3.6.1.jar:/home/othmane/.m2/repository/com/github/ben-manes/caffeine/caffeine/3.1.8/caffeine-3.1.8.jar:/home/othmane/.m2/repository/net/sourceforge/argparse4j/argparse4j/0.7.0/argparse4j-0.7.0.jar:/home/othmane/.m2/repository/commons-validator/commons-validator/1.7/commons-validator-1.7.jar:/home/othmane/.m2/repository/commons-beanutils/commons-beanutils/1.9.4/commons-beanutils-1.9.4.jar:/home/othmane/.m2/repository/commons-digester/commons-digester/2.1/commons-digester-2.1.jar:/home/othmane/.m2/repository/commons-collections/commons-collections/3.2.2/commons-collections-3.2.2.jar:/home/othmane/.m2/repository/com/fasterxml/jackson/module/jackson-module-scala_2.13/2.15.3/jackson-module-scala_2.13-2.15.3.jar:/home/othmane/.m2/repository/com/thoughtworks/paranamer/paranamer/2.8/paranamer-2.8.jar:/home/othmane/.m2/repository/com/fasterxml/jackson/dataformat/jackson-dataformat-csv/2.15.3/jackson-dataformat-csv-2.15.3.jar:/home/othmane/.m2/repository/org/bitbucket/b_c/jose4j/0.9.3/jose4j-0.9.3.jar:/home/othmane/.m2/repository/org/scala-lang/modules/scala-collection-compat_2.13/2.10.0/scala-collection-compat_2.13-2.10.0.jar:/home/othmane/.m2/repository/org/scala-lang/modules/scala-java8-compat_2.13/1.0.2/scala-java8-compat_2.13-1.0.2.jar:/home/othmane/.m2/repository/org/scala-lang/scala-reflect/2.13.11/scala-reflect-2.13.11.jar:/home/othmane/.m2/repository/com/typesafe/scala-logging/scala-logging_2.13/3.9.4/scala-logging_2.13-3.9.4.jar:/home/othmane/.m2/repository/io/dropwizard/metrics/metrics-core/4.2.23/metrics-core-4.2.23.jar:/home/othmane/.m2/repository/commons-cli/commons-cli/1.4/commons-cli-1.4.jar:/home/othmane/.m2/repository/org/apache/kafka/kafka_2.13/3.6.1/kafka_2.13-3.6.1-test.jar:/home/othmane/.m2/repository/org/junit/jupiter/junit-jupiter-api/5.10.1/junit-jupiter-api-5.10.1.jar:/home/othmane/.m2/repository/org/opentest4j/opentest4j/1.3.0/opentest4j-1.3.0.jar:/home/othmane/.m2/repository/org/junit/platform/junit-platform-commons/1.10.1/junit-platform-commons-1.10.1.jar:/home/othmane/.m2/repository/org/apiguardian/apiguardian-api/1.1.2/apiguardian-api-1.1.2.jar:/home/othmane/.m2/repository/org/junit/platform/junit-platform-launcher/1.10.1/junit-platform-launcher-1.10.1.jar:/home/othmane/.m2/repository/org/junit/platform/junit-platform-engine/1.10.1/junit-platform-engine-1.10.1.jar:/home/othmane/.m2/repository/io/confluent/kafka-avro-serializer/7.4.0/kafka-avro-serializer-7.4.0.jar:/home/othmane/.m2/repository/org/apache/commons/commons-compress/1.21/commons-compress-1.21.jar:/home/othmane/.m2/repository/io/confluent/kafka-schema-serializer/7.4.0/kafka-schema-serializer-7.4.0.jar:/home/othmane/.m2/repository/com/google/guava/guava/30.1.1-jre/guava-30.1.1-jre.jar:/home/othmane/.m2/repository/com/google/guava/failureaccess/1.0.1/failureaccess-1.0.1.jar:/home/othmane/.m2/repository/com/google/guava/listenablefuture/9999.0-empty-to-avoid-conflict-with-guava/listenablefuture-9999.0-empty-to-avoid-conflict-with-guava.jar:/home/othmane/.m2/repository/org/checkerframework/checker-qual/3.8.0/checker-qual-3.8.0.jar:/home/othmane/.m2/repository/com/google/errorprone/error_prone_annotations/2.5.1/error_prone_annotations-2.5.1.jar:/home/othmane/.m2/repository/com/google/j2objc/j2objc-annotations/1.3/j2objc-annotations-1.3.jar:/home/othmane/.m2/repository/io/confluent/logredactor/1.0.11/logredactor-1.0.11.jar:/home/othmane/.m2/repository/com/google/re2j/re2j/1.6/re2j-1.6.jar:/home/othmane/.m2/repository/io/confluent/logredactor-metrics/1.0.11/logredactor-metrics-1.0.11.jar:/home/othmane/.m2/repository/com/eclipsesource/minimal-json/minimal-json/0.9.5/minimal-json-0.9.5.jar:/home/othmane/.m2/repository/io/confluent/common-utils/7.4.0/common-utils-7.4.0.jar:/home/othmane/.m2/repository/io/confluent/kafka-schema-registry-client/7.4.0/kafka-schema-registry-client-7.4.0.jar:/home/othmane/.m2/repository/org/yaml/snakeyaml/2.2/snakeyaml-2.2.jar:/home/othmane/.m2/repository/com/fasterxml/jackson/core/jackson-databind/2.15.3/jackson-databind-2.15.3.jar:/home/othmane/.m2/repository/com/fasterxml/jackson/core/jackson-annotations/2.15.3/jackson-annotations-2.15.3.jar:/home/othmane/.m2/repository/io/swagger/core/v3/swagger-annotations/2.1.10/swagger-annotations-2.1.10.jar:/home/othmane/.m2/repository/org/apache/avro/avro/1.11.0/avro-1.11.0.jar:/home/othmane/.m2/repository/com/fasterxml/jackson/core/jackson-core/2.15.3/jackson-core-2.15.3.jar:/home/othmane/.m2/repository/org/slf4j/slf4j-api/2.0.9/slf4j-api-2.0.9.jar:"/>
    <property name="java.vm.vendor" value="Red Hat, Inc."/>
    <property name="sun.arch.data.model" value="64"/>
    <property name="java.vendor.url" value="https://www.redhat.com/"/>
    <property name="user.timezone" value="Africa/El_Aaiun"/>
    <property name="os.name" value="Linux"/>
    <property name="java.vm.specification.version" value="17"/>
    <property name="sun.java.launcher" value="SUN_STANDARD"/>
    <property name="user.country" value="FR"/>
    <property name="sun.boot.library.path" value="/usr/lib/jvm/java-17-openjdk-17.0.6.0.10-3.el9.x86_64/lib"/>
    <property name="sun.java.command" value="/home/othmane/Documents/Projet Inwi Kafka K8s/Gateway/gateway-voc-sch-reg/target/surefire/surefirebooter-20241112174447338_3.jar /home/othmane/Documents/Projet Inwi Kafka K8s/Gateway/gateway-voc-sch-reg/target/surefire 2024-11-12T17-44-47_242-jvmRun1 surefire-20241112174447338_1tmp surefire_0-20241112174447338_2tmp"/>
    <property name="jdk.debug" value="release"/>
    <property name="surefire.test.class.path" value="/home/othmane/Documents/Projet Inwi Kafka K8s/Gateway/gateway-voc-sch-reg/target/test-classes:/home/othmane/Documents/Projet Inwi Kafka K8s/Gateway/gateway-voc-sch-reg/target/classes:/home/othmane/.m2/repository/org/springframework/boot/spring-boot-starter-web/3.2.1/spring-boot-starter-web-3.2.1.jar:/home/othmane/.m2/repository/org/springframework/boot/spring-boot-starter/3.2.1/spring-boot-starter-3.2.1.jar:/home/othmane/.m2/repository/org/springframework/boot/spring-boot/3.2.1/spring-boot-3.2.1.jar:/home/othmane/.m2/repository/org/springframework/boot/spring-boot-autoconfigure/3.2.1/spring-boot-autoconfigure-3.2.1.jar:/home/othmane/.m2/repository/org/springframework/boot/spring-boot-starter-logging/3.2.1/spring-boot-starter-logging-3.2.1.jar:/home/othmane/.m2/repository/org/apache/logging/log4j/log4j-to-slf4j/2.21.1/log4j-to-slf4j-2.21.1.jar:/home/othmane/.m2/repository/org/apache/logging/log4j/log4j-api/2.21.1/log4j-api-2.21.1.jar:/home/othmane/.m2/repository/org/slf4j/jul-to-slf4j/2.0.9/jul-to-slf4j-2.0.9.jar:/home/othmane/.m2/repository/jakarta/annotation/jakarta.annotation-api/2.1.1/jakarta.annotation-api-2.1.1.jar:/home/othmane/.m2/repository/org/springframework/boot/spring-boot-starter-json/3.2.1/spring-boot-starter-json-3.2.1.jar:/home/othmane/.m2/repository/com/fasterxml/jackson/datatype/jackson-datatype-jdk8/2.15.3/jackson-datatype-jdk8-2.15.3.jar:/home/othmane/.m2/repository/com/fasterxml/jackson/datatype/jackson-datatype-jsr310/2.15.3/jackson-datatype-jsr310-2.15.3.jar:/home/othmane/.m2/repository/com/fasterxml/jackson/module/jackson-module-parameter-names/2.15.3/jackson-module-parameter-names-2.15.3.jar:/home/othmane/.m2/repository/org/springframework/boot/spring-boot-starter-tomcat/3.2.1/spring-boot-starter-tomcat-3.2.1.jar:/home/othmane/.m2/repository/org/apache/tomcat/embed/tomcat-embed-core/10.1.17/tomcat-embed-core-10.1.17.jar:/home/othmane/.m2/repository/org/apache/tomcat/embed/tomcat-embed-el/10.1.17/tomcat-embed-el-10.1.17.jar:/home/othmane/.m2/repository/org/apache/tomcat/embed/tomcat-embed-websocket/10.1.17/tomcat-embed-websocket-10.1.17.jar:/home/othmane/.m2/repository/org/springframework/spring-web/6.1.2/spring-web-6.1.2.jar:/home/othmane/.m2/repository/org/springframework/spring-beans/6.1.2/spring-beans-6.1.2.jar:/home/othmane/.m2/repository/org/springframework/spring-webmvc/6.1.2/spring-webmvc-6.1.2.jar:/home/othmane/.m2/repository/org/springframework/spring-aop/6.1.2/spring-aop-6.1.2.jar:/home/othmane/.m2/repository/org/springframework/spring-expression/6.1.2/spring-expression-6.1.2.jar:/home/othmane/.m2/repository/org/springframework/kafka/spring-kafka/3.1.1/spring-kafka-3.1.1.jar:/home/othmane/.m2/repository/org/springframework/spring-context/6.1.2/spring-context-6.1.2.jar:/home/othmane/.m2/repository/org/springframework/spring-messaging/6.1.2/spring-messaging-6.1.2.jar:/home/othmane/.m2/repository/org/springframework/spring-tx/6.1.2/spring-tx-6.1.2.jar:/home/othmane/.m2/repository/org/springframework/retry/spring-retry/2.0.5/spring-retry-2.0.5.jar:/home/othmane/.m2/repository/org/apache/kafka/kafka-clients/3.6.1/kafka-clients-3.6.1.jar:/home/othmane/.m2/repository/com/github/luben/zstd-jni/1.5.5-1/zstd-jni-1.5.5-1.jar:/home/othmane/.m2/repository/org/lz4/lz4-java/1.8.0/lz4-java-1.8.0.jar:/home/othmane/.m2/repository/org/xerial/snappy/snappy-java/1.1.10.5/snappy-java-1.1.10.5.jar:/home/othmane/.m2/repository/io/micrometer/micrometer-observation/1.12.1/micrometer-observation-1.12.1.jar:/home/othmane/.m2/repository/io/micrometer/micrometer-commons/1.12.1/micrometer-commons-1.12.1.jar:/home/othmane/.m2/repository/com/google/code/findbugs/jsr305/3.0.2/jsr305-3.0.2.jar:/home/othmane/.m2/repository/org/projectlombok/lombok/1.18.30/lombok-1.18.30.jar:/home/othmane/.m2/repository/org/springframework/boot/spring-boot-starter-test/3.2.1/spring-boot-starter-test-3.2.1.jar:/home/othmane/.m2/repository/org/springframework/boot/spring-boot-test/3.2.1/spring-boot-test-3.2.1.jar:/home/othmane/.m2/repository/org/springframework/boot/spring-boot-test-autoconfigure/3.2.1/spring-boot-test-autoconfigure-3.2.1.jar:/home/othmane/.m2/repository/com/jayway/jsonpath/json-path/2.8.0/json-path-2.8.0.jar:/home/othmane/.m2/repository/jakarta/xml/bind/jakarta.xml.bind-api/4.0.1/jakarta.xml.bind-api-4.0.1.jar:/home/othmane/.m2/repository/jakarta/activation/jakarta.activation-api/2.1.2/jakarta.activation-api-2.1.2.jar:/home/othmane/.m2/repository/net/minidev/json-smart/2.5.0/json-smart-2.5.0.jar:/home/othmane/.m2/repository/net/minidev/accessors-smart/2.5.0/accessors-smart-2.5.0.jar:/home/othmane/.m2/repository/org/ow2/asm/asm/9.3/asm-9.3.jar:/home/othmane/.m2/repository/org/assertj/assertj-core/3.24.2/assertj-core-3.24.2.jar:/home/othmane/.m2/repository/net/bytebuddy/byte-buddy/1.14.10/byte-buddy-1.14.10.jar:/home/othmane/.m2/repository/org/awaitility/awaitility/4.2.0/awaitility-4.2.0.jar:/home/othmane/.m2/repository/org/hamcrest/hamcrest/2.2/hamcrest-2.2.jar:/home/othmane/.m2/repository/org/junit/jupiter/junit-jupiter/5.10.1/junit-jupiter-5.10.1.jar:/home/othmane/.m2/repository/org/junit/jupiter/junit-jupiter-params/5.10.1/junit-jupiter-params-5.10.1.jar:/home/othmane/.m2/repository/org/junit/jupiter/junit-jupiter-engine/5.10.1/junit-jupiter-engine-5.10.1.jar:/home/othmane/.m2/repository/org/mockito/mockito-core/5.7.0/mockito-core-5.7.0.jar:/home/othmane/.m2/repository/net/bytebuddy/byte-buddy-agent/1.14.10/byte-buddy-agent-1.14.10.jar:/home/othmane/.m2/repository/org/objenesis/objenesis/3.3/objenesis-3.3.jar:/home/othmane/.m2/repository/org/mockito/mockito-junit-jupiter/5.7.0/mockito-junit-jupiter-5.7.0.jar:/home/othmane/.m2/repository/org/skyscreamer/jsonassert/1.5.1/jsonassert-1.5.1.jar:/home/othmane/.m2/repository/com/vaadin/external/google/android-json/0.0.20131108.vaadin1/android-json-0.0.20131108.vaadin1.jar:/home/othmane/.m2/repository/org/springframework/spring-core/6.1.2/spring-core-6.1.2.jar:/home/othmane/.m2/repository/org/springframework/spring-jcl/6.1.2/spring-jcl-6.1.2.jar:/home/othmane/.m2/repository/org/springframework/spring-test/6.1.2/spring-test-6.1.2.jar:/home/othmane/.m2/repository/org/xmlunit/xmlunit-core/2.9.1/xmlunit-core-2.9.1.jar:/home/othmane/.m2/repository/org/springframework/kafka/spring-kafka-test/3.1.1/spring-kafka-test-3.1.1.jar:/home/othmane/.m2/repository/org/apache/zookeeper/zookeeper/3.8.3/zookeeper-3.8.3.jar:/home/othmane/.m2/repository/org/apache/zookeeper/zookeeper-jute/3.8.3/zookeeper-jute-3.8.3.jar:/home/othmane/.m2/repository/org/apache/yetus/audience-annotations/0.12.0/audience-annotations-0.12.0.jar:/home/othmane/.m2/repository/io/netty/netty-handler/4.1.104.Final/netty-handler-4.1.104.Final.jar:/home/othmane/.m2/repository/io/netty/netty-common/4.1.104.Final/netty-common-4.1.104.Final.jar:/home/othmane/.m2/repository/io/netty/netty-resolver/4.1.104.Final/netty-resolver-4.1.104.Final.jar:/home/othmane/.m2/repository/io/netty/netty-buffer/4.1.104.Final/netty-buffer-4.1.104.Final.jar:/home/othmane/.m2/repository/io/netty/netty-transport/4.1.104.Final/netty-transport-4.1.104.Final.jar:/home/othmane/.m2/repository/io/netty/netty-transport-native-unix-common/4.1.104.Final/netty-transport-native-unix-common-4.1.104.Final.jar:/home/othmane/.m2/repository/io/netty/netty-codec/4.1.104.Final/netty-codec-4.1.104.Final.jar:/home/othmane/.m2/repository/io/netty/netty-transport-native-epoll/4.1.104.Final/netty-transport-native-epoll-4.1.104.Final.jar:/home/othmane/.m2/repository/io/netty/netty-transport-classes-epoll/4.1.104.Final/netty-transport-classes-epoll-4.1.104.Final.jar:/home/othmane/.m2/repository/ch/qos/logback/logback-core/1.4.14/logback-core-1.4.14.jar:/home/othmane/.m2/repository/ch/qos/logback/logback-classic/1.4.14/logback-classic-1.4.14.jar:/home/othmane/.m2/repository/commons-io/commons-io/2.11.0/commons-io-2.11.0.jar:/home/othmane/.m2/repository/org/apache/kafka/kafka-clients/3.6.1/kafka-clients-3.6.1-test.jar:/home/othmane/.m2/repository/org/apache/kafka/kafka-metadata/3.6.1/kafka-metadata-3.6.1.jar:/home/othmane/.m2/repository/org/apache/kafka/kafka-raft/3.6.1/kafka-raft-3.6.1.jar:/home/othmane/.m2/repository/com/yammer/metrics/metrics-core/2.2.0/metrics-core-2.2.0.jar:/home/othmane/.m2/repository/org/apache/kafka/kafka-server-common/3.6.1/kafka-server-common-3.6.1.jar:/home/othmane/.m2/repository/net/sf/jopt-simple/jopt-simple/5.0.4/jopt-simple-5.0.4.jar:/home/othmane/.m2/repository/org/pcollections/pcollections/4.0.1/pcollections-4.0.1.jar:/home/othmane/.m2/repository/org/apache/kafka/kafka-server-common/3.6.1/kafka-server-common-3.6.1-test.jar:/home/othmane/.m2/repository/org/apache/kafka/kafka-streams-test-utils/3.6.1/kafka-streams-test-utils-3.6.1.jar:/home/othmane/.m2/repository/org/apache/kafka/kafka-streams/3.6.1/kafka-streams-3.6.1.jar:/home/othmane/.m2/repository/org/rocksdb/rocksdbjni/7.9.2/rocksdbjni-7.9.2.jar:/home/othmane/.m2/repository/org/apache/kafka/kafka_2.13/3.6.1/kafka_2.13-3.6.1.jar:/home/othmane/.m2/repository/org/scala-lang/scala-library/2.13.11/scala-library-2.13.11.jar:/home/othmane/.m2/repository/org/apache/kafka/kafka-group-coordinator/3.6.1/kafka-group-coordinator-3.6.1.jar:/home/othmane/.m2/repository/org/apache/kafka/kafka-storage-api/3.6.1/kafka-storage-api-3.6.1.jar:/home/othmane/.m2/repository/org/apache/kafka/kafka-tools-api/3.6.1/kafka-tools-api-3.6.1.jar:/home/othmane/.m2/repository/org/apache/kafka/kafka-storage/3.6.1/kafka-storage-3.6.1.jar:/home/othmane/.m2/repository/com/github/ben-manes/caffeine/caffeine/3.1.8/caffeine-3.1.8.jar:/home/othmane/.m2/repository/net/sourceforge/argparse4j/argparse4j/0.7.0/argparse4j-0.7.0.jar:/home/othmane/.m2/repository/commons-validator/commons-validator/1.7/commons-validator-1.7.jar:/home/othmane/.m2/repository/commons-beanutils/commons-beanutils/1.9.4/commons-beanutils-1.9.4.jar:/home/othmane/.m2/repository/commons-digester/commons-digester/2.1/commons-digester-2.1.jar:/home/othmane/.m2/repository/commons-collections/commons-collections/3.2.2/commons-collections-3.2.2.jar:/home/othmane/.m2/repository/com/fasterxml/jackson/module/jackson-module-scala_2.13/2.15.3/jackson-module-scala_2.13-2.15.3.jar:/home/othmane/.m2/repository/com/thoughtworks/paranamer/paranamer/2.8/paranamer-2.8.jar:/home/othmane/.m2/repository/com/fasterxml/jackson/dataformat/jackson-dataformat-csv/2.15.3/jackson-dataformat-csv-2.15.3.jar:/home/othmane/.m2/repository/org/bitbucket/b_c/jose4j/0.9.3/jose4j-0.9.3.jar:/home/othmane/.m2/repository/org/scala-lang/modules/scala-collection-compat_2.13/2.10.0/scala-collection-compat_2.13-2.10.0.jar:/home/othmane/.m2/repository/org/scala-lang/modules/scala-java8-compat_2.13/1.0.2/scala-java8-compat_2.13-1.0.2.jar:/home/othmane/.m2/repository/org/scala-lang/scala-reflect/2.13.11/scala-reflect-2.13.11.jar:/home/othmane/.m2/repository/com/typesafe/scala-logging/scala-logging_2.13/3.9.4/scala-logging_2.13-3.9.4.jar:/home/othmane/.m2/repository/io/dropwizard/metrics/metrics-core/4.2.23/metrics-core-4.2.23.jar:/home/othmane/.m2/repository/commons-cli/commons-cli/1.4/commons-cli-1.4.jar:/home/othmane/.m2/repository/org/apache/kafka/kafka_2.13/3.6.1/kafka_2.13-3.6.1-test.jar:/home/othmane/.m2/repository/org/junit/jupiter/junit-jupiter-api/5.10.1/junit-jupiter-api-5.10.1.jar:/home/othmane/.m2/repository/org/opentest4j/opentest4j/1.3.0/opentest4j-1.3.0.jar:/home/othmane/.m2/repository/org/junit/platform/junit-platform-commons/1.10.1/junit-platform-commons-1.10.1.jar:/home/othmane/.m2/repository/org/apiguardian/apiguardian-api/1.1.2/apiguardian-api-1.1.2.jar:/home/othmane/.m2/repository/org/junit/platform/junit-platform-launcher/1.10.1/junit-platform-launcher-1.10.1.jar:/home/othmane/.m2/repository/org/junit/platform/junit-platform-engine/1.10.1/junit-platform-engine-1.10.1.jar:/home/othmane/.m2/repository/io/confluent/kafka-avro-serializer/7.4.0/kafka-avro-serializer-7.4.0.jar:/home/othmane/.m2/repository/org/apache/commons/commons-compress/1.21/commons-compress-1.21.jar:/home/othmane/.m2/repository/io/confluent/kafka-schema-serializer/7.4.0/kafka-schema-serializer-7.4.0.jar:/home/othmane/.m2/repository/com/google/guava/guava/30.1.1-jre/guava-30.1.1-jre.jar:/home/othmane/.m2/repository/com/google/guava/failureaccess/1.0.1/failureaccess-1.0.1.jar:/home/othmane/.m2/repository/com/google/guava/listenablefuture/9999.0-empty-to-avoid-conflict-with-guava/listenablefuture-9999.0-empty-to-avoid-conflict-with-guava.jar:/home/othmane/.m2/repository/org/checkerframework/checker-qual/3.8.0/checker-qual-3.8.0.jar:/home/othmane/.m2/repository/com/google/errorprone/error_prone_annotations/2.5.1/error_prone_annotations-2.5.1.jar:/home/othmane/.m2/repository/com/google/j2objc/j2objc-annotations/1.3/j2objc-annotations-1.3.jar:/home/othmane/.m2/repository/io/confluent/logredactor/1.0.11/logredactor-1.0.11.jar:/home/othmane/.m2/repository/com/google/re2j/re2j/1.6/re2j-1.6.jar:/home/othmane/.m2/repository/io/confluent/logredactor-metrics/1.0.11/logredactor-metrics-1.0.11.jar:/home/othmane/.m2/repository/com/eclipsesource/minimal-json/minimal-json/0.9.5/minimal-json-0.9.5.jar:/home/othmane/.m2/repository/io/confluent/common-utils/7.4.0/common-utils-7.4.0.jar:/home/othmane/.m2/repository/io/confluent/kafka-schema-registry-client/7.4.0/kafka-schema-registry-client-7.4.0.jar:/home/othmane/.m2/repository/org/yaml/snakeyaml/2.2/snakeyaml-2.2.jar:/home/othmane/.m2/repository/com/fasterxml/jackson/core/jackson-databind/2.15.3/jackson-databind-2.15.3.jar:/home/othmane/.m2/repository/com/fasterxml/jackson/core/jackson-annotations/2.15.3/jackson-annotations-2.15.3.jar:/home/othmane/.m2/repository/io/swagger/core/v3/swagger-annotations/2.1.10/swagger-annotations-2.1.10.jar:/home/othmane/.m2/repository/org/apache/avro/avro/1.11.0/avro-1.11.0.jar:/home/othmane/.m2/repository/com/fasterxml/jackson/core/jackson-core/2.15.3/jackson-core-2.15.3.jar:/home/othmane/.m2/repository/org/slf4j/slf4j-api/2.0.9/slf4j-api-2.0.9.jar:"/>
    <property name="sun.cpu.endian" value="little"/>
    <property name="user.home" value="/home/othmane"/>
    <property name="user.language" value="fr"/>
    <property name="java.specification.vendor" value="Oracle Corporation"/>
    <property name="java.version.date" value="2023-01-17"/>
    <property name="java.home" value="/usr/lib/jvm/java-17-openjdk-17.0.6.0.10-3.el9.x86_64"/>
    <property name="file.separator" value="/"/>
    <property name="basedir" value="/home/othmane/Documents/Projet Inwi Kafka K8s/Gateway/gateway-voc-sch-reg"/>
    <property name="java.vm.compressedOopsMode" value="Zero based"/>
    <property name="line.separator" value="&#10;"/>
    <property name="java.specification.name" value="Java Platform API Specification"/>
    <property name="java.vm.specification.vendor" value="Oracle Corporation"/>
    <property name="FILE_LOG_CHARSET" value="UTF-8"/>
    <property name="java.awt.headless" value="true"/>
    <property name="surefire.real.class.path" value="/home/othmane/Documents/Projet Inwi Kafka K8s/Gateway/gateway-voc-sch-reg/target/surefire/surefirebooter-20241112174447338_3.jar"/>
    <property name="sun.management.compiler" value="HotSpot 64-Bit Tiered Compilers"/>
    <property name="java.runtime.version" value="17.0.6+10-LTS"/>
    <property name="user.name" value="othmane"/>
    <property name="path.separator" value=":"/>
    <property name="os.version" value="5.14.0-480.el9.x86_64"/>
    <property name="java.runtime.name" value="OpenJDK Runtime Environment"/>
    <property name="file.encoding" value="UTF-8"/>
    <property name="java.vm.name" value="OpenJDK 64-Bit Server VM"/>
    <property name="java.vendor.version" value="(Red_Hat-17.0.6.0.10-3.el9)"/>
    <property name="localRepository" value="/home/othmane/.m2/repository"/>
    <property name="java.vendor.url.bug" value="https://bugzilla.redhat.com/enter_bug.cgi?product=Red%20Hat%20Enterprise%20Linux%209&amp;component=java-17-openjdk"/>
    <property name="java.io.tmpdir" value="/tmp"/>
    <property name="idea.version" value="2024.2.4"/>
    <property name="java.version" value="17.0.6"/>
    <property name="user.dir" value="/home/othmane/Documents/Projet Inwi Kafka K8s/Gateway/gateway-voc-sch-reg"/>
    <property name="os.arch" value="amd64"/>
    <property name="java.vm.specification.name" value="Java Virtual Machine Specification"/>
    <property name="PID" value="11278"/>
    <property name="CONSOLE_LOG_CHARSET" value="UTF-8"/>
    <property name="native.encoding" value="UTF-8"/>
    <property name="java.library.path" value="/usr/java/packages/lib:/usr/lib64:/lib64:/lib:/usr/lib"/>
    <property name="java.vm.info" value="mixed mode, sharing"/>
    <property name="java.vendor" value="Red Hat, Inc."/>
    <property name="java.vm.version" value="17.0.6+10-LTS"/>
    <property name="sun.io.unicode.encoding" value="UnicodeLittle"/>
    <property name="java.class.version" value="61.0"/>
  </properties>
  <testcase name="contextLoads" classname="com.javatechie.KafkaSchemaRegistryApplicationTests" time="0.871">
    <system-out><![CDATA[17:44:48.170 [main] INFO org.springframework.test.context.support.AnnotationConfigContextLoaderUtils -- Could not detect default configuration classes for test class [com.javatechie.KafkaSchemaRegistryApplicationTests]: KafkaSchemaRegistryApplicationTests does not declare any static, non-private, non-final, nested classes annotated with @Configuration.
17:44:48.274 [main] INFO org.springframework.boot.test.context.SpringBootTestContextBootstrapper -- Found @SpringBootConfiguration com.javatechie.KafkaSchemaRegistryApplication for test class com.javatechie.KafkaSchemaRegistryApplicationTests

  .   ____          _            __ _ _
 /\\ / ___'_ __ _ _(_)_ __  __ _ \ \ \ \
( ( )\___ | '_ | '_| | '_ \/ _` | \ \ \ \
 \\/  ___)| |_)| | | | | || (_| |  ) ) ) )
  '  |____| .__|_| |_|_| |_\__, | / / / /
 =========|_|==============|___/=/_/_/_/
 :: Spring Boot ::                (v3.2.1)

2024-11-12T17:44:48.821+01:00  INFO 11278 --- [           main] c.j.KafkaSchemaRegistryApplicationTests  : Starting KafkaSchemaRegistryApplicationTests using Java 17.0.6 with PID 11278 (started by othmane in /home/othmane/Documents/Projet Inwi Kafka K8s/Gateway/gateway-voc-sch-reg)
2024-11-12T17:44:48.824+01:00  INFO 11278 --- [           main] c.j.KafkaSchemaRegistryApplicationTests  : No active profile set, falling back to 1 default profile: "default"
2024-11-12T17:44:50.317+01:00  INFO 11278 --- [           main] c.j.KafkaSchemaRegistryApplicationTests  : Started KafkaSchemaRegistryApplicationTests in 1.864 seconds (process running for 2.906)
]]></system-out>
  </testcase>
</testsuite>